Internal timers: 
================ 
                          Elapsed time  :  Elapsed ratio :
 
 - [RBDY3] comp mass      0.2200000D-04 s          0.00 %
 - [RBDY3] comp Fext      0.1708000D-02 s          0.00 %
 - [RBDY3] comp bulk      0.5060000D-03 s          0.00 %
 - [RBDY3] comp Free V    0.1041600D-01 s          0.03 %
 - [PRPRx] select         0.3135380D+01 s          8.28 %
 - [inter_3D] recupByPo   0.1024000D-02 s          0.00 %
 - [inter_3D] recup       0.5297500D-01 s          0.14 %
 - [NLGS3] prep           0.4752781D+01 s         12.55 %
 - [NLGS3] iter           0.6454454D+01 s         17.04 %
 - [NLGS3] check          0.2596290D+00 s          0.69 %
 - [NLGS3] post           0.2000770D+00 s          0.53 %
 - [NLGS3] update tact    0.1971000D-01 s          0.05 %
 - [inter_3D] stock       0.1429730D+00 s          0.38 %
 - [RBDY3] comp dof       0.1182800D-01 s          0.03 %
 - [RBDY3] update dof     0.1006000D-02 s          0.00 %
                         -----------------       ---------
  Accounted time          0.1504449D+02 s         39.72 %
  Total elapsed time      0.3787213D+02
 
 
